<?xml version="1.0" encoding="UTF-8"?>
<testng-results skipped="0" failed="0" ignored="0" total="2" passed="2">
  <reporter-output>
  </reporter-output>
  <suite name="Suite" duration-ms="41299" started-at="2020-06-15T18:10:46Z" finished-at="2020-06-15T18:11:28Z">
    <groups>
    </groups>
    <test name="Test" duration-ms="41299" started-at="2020-06-15T18:10:46Z" finished-at="2020-06-15T18:11:28Z">
      <class name="test.TC_002">
        <test-method status="PASS" signature="startbrowser()[pri:0, instance:test.TC_002@2752f6e2]" name="startbrowser" duration-ms="19007" started-at="2020-06-15T23:41:09Z" finished-at="2020-06-15T23:41:28Z">
          <reporter-output>
          </reporter-output>
        </test-method> <!-- startbrowser -->
      </class> <!-- test.TC_002 -->
      <class name="test.TC_001">
        <test-method status="PASS" signature="startbrowser()[pri:0, instance:test.TC_001@2d209079]" name="startbrowser" duration-ms="22208" started-at="2020-06-15T23:40:46Z" finished-at="2020-06-15T23:41:09Z">
          <reporter-output>
          </reporter-output>
        </test-method> <!-- startbrowser -->
      </class> <!-- test.TC_001 -->
    </test> <!-- Test -->
  </suite> <!-- Suite -->
</testng-results>
