<?xml version="1.0" encoding="UTF-8"?>
<!-- Generated by org.testng.reporters.JUnitXMLReporter -->
<testsuite hostname="ASHWINI-TI11411" ignored="0" name="Default test" tests="3" failures="0" timestamp="15 Jun 2020 17:34:08 GMT" time="70.61" errors="0">
  <testcase name="startbrowser" time="32.426" classname="test.TC_003"/>
  <testcase name="startbrowser" time="18.281" classname="test.TC_002"/>
  <testcase name="startbrowser" time="19.747" classname="test.TC_001"/>
</testsuite> <!-- Default test -->
