<?xml version="1.0" encoding="UTF-8"?>
<testng-results skipped="0" failed="0" ignored="0" total="2" passed="2">
  <reporter-output>
  </reporter-output>
  <suite name="Suite" duration-ms="36326" started-at="2020-06-15T17:36:47Z" finished-at="2020-06-15T17:37:23Z">
    <groups>
    </groups>
    <test name="Test" duration-ms="36326" started-at="2020-06-15T17:36:47Z" finished-at="2020-06-15T17:37:23Z">
      <class name="test.TC_002">
        <test-method status="PASS" signature="startbrowser()[pri:0, instance:test.TC_002@2b98378d]" name="startbrowser" duration-ms="18288" started-at="2020-06-15T23:07:05Z" finished-at="2020-06-15T23:07:23Z">
          <reporter-output>
          </reporter-output>
        </test-method> <!-- startbrowser -->
      </class> <!-- test.TC_002 -->
      <class name="test.TC_001">
        <test-method status="PASS" signature="startbrowser()[pri:0, instance:test.TC_001@18be83e4]" name="startbrowser" duration-ms="18013" started-at="2020-06-15T23:06:47Z" finished-at="2020-06-15T23:07:05Z">
          <reporter-output>
          </reporter-output>
        </test-method> <!-- startbrowser -->
      </class> <!-- test.TC_001 -->
    </test> <!-- Test -->
  </suite> <!-- Suite -->
</testng-results>
